# JRE version: OpenJDK Runtime Environment (11.0.10) (build 11.0.10+0-b96-7249189)
# Java VM: OpenJDK 64-Bit Server VM (11.0.10+0-b96-7249189, mixed mode, tiered, compressed oops, g1 gc, windows-amd64)
Heap:
 garbage-first heap   total 131072K, used 105481K [0x0000000080000000, 0x0000000100000000)
  region size 1024K, 37 young (37888K), 1 survivors (1024K)
 Metaspace       used 66176K, capacity 67860K, committed 68172K, reserved 1107968K
  class space    used 8331K, capacity 8914K, committed 9036K, reserved 1048576K
GC Heap History (20 events):
Event: 12.657 GC heap before
{Heap before GC invocations=13 (full 0):
 garbage-first heap   total 131072K, used 102198K [0x0000000080000000, 0x0000000100000000)
  region size 1024K, 50 young (51200K), 5 survivors (5120K)
 Metaspace       used 49736K, capacity 51246K, committed 51404K, reserved 1093632K
  class space    used 6456K, capacity 6977K, committed 7116K, reserved 1048576K
}
Event: 12.667 GC heap after
{Heap after GC invocations=14 (full 0):
 garbage-first heap   total 131072K, used 57283K [0x0000000080000000, 0x0000000100000000)
  region size 1024K, 5 young (5120K), 5 survivors (5120K)
 Metaspace       used 49736K, capacity 51246K, committed 51404K, reserved 1093632K
  class space    used 6456K, capacity 6977K, committed 7116K, reserved 1048576K
}
Event: 13.349 GC heap before
{Heap before GC invocations=14 (full 0):
 garbage-first heap   total 131072K, used 103363K [0x0000000080000000, 0x0000000100000000)
  region size 1024K, 50 young (51200K), 5 survivors (5120K)
 Metaspace       used 52715K, capacity 54262K, committed 54476K, reserved 1095680K
  class space    used 6777K, capacity 7300K, committed 7372K, reserved 1048576K
}
Event: 13.354 GC heap after
{Heap after GC invocations=15 (full 0):
 garbage-first heap   total 131072K, used 60907K [0x0000000080000000, 0x0000000100000000)
  region size 1024K, 5 young (5120K), 5 survivors (5120K)
 Metaspace       used 52715K, capacity 54262K, committed 54476K, reserved 1095680K
  class space    used 6777K, capacity 7300K, committed 7372K, reserved 1048576K
}
Event: 14.109 GC heap before
{Heap before GC invocations=15 (full 0):
 garbage-first heap   total 131072K, used 104939K [0x0000000080000000, 0x0000000100000000)
  region size 1024K, 49 young (50176K), 5 survivors (5120K)
 Metaspace       used 55432K, capacity 57101K, committed 57164K, reserved 1099776K
  class space    used 7197K, capacity 7716K, committed 7756K, reserved 1048576K
}
Event: 14.113 GC heap after
{Heap after GC invocations=16 (full 0):
 garbage-first heap   total 131072K, used 62366K [0x0000000080000000, 0x0000000100000000)
  region size 1024K, 5 young (5120K), 5 survivors (5120K)
 Metaspace       used 55432K, capacity 57101K, committed 57164K, reserved 1099776K
  class space    used 7197K, capacity 7716K, committed 7756K, reserved 1048576K
}
Event: 16.777 GC heap before
{Heap before GC invocations=16 (full 0):
 garbage-first heap   total 131072K, used 107422K [0x0000000080000000, 0x0000000100000000)
  region size 1024K, 49 young (50176K), 5 survivors (5120K)
 Metaspace       used 62370K, capacity 64076K, committed 64204K, reserved 1105920K
  class space    used 8063K, capacity 8625K, committed 8652K, reserved 1048576K
}
Event: 16.789 GC heap after
{Heap after GC invocations=17 (full 0):
 garbage-first heap   total 131072K, used 65999K [0x0000000080000000, 0x0000000100000000)
  region size 1024K, 6 young (6144K), 6 survivors (6144K)
 Metaspace       used 62370K, capacity 64076K, committed 64204K, reserved 1105920K
  class space    used 8063K, capacity 8625K, committed 8652K, reserved 1048576K
}
Event: 28.597 GC heap before
{Heap before GC invocations=17 (full 0):
 garbage-first heap   total 131072K, used 106959K [0x0000000080000000, 0x0000000100000000)
  region size 1024K, 46 young (47104K), 6 survivors (6144K)
 Metaspace       used 65467K, capacity 67324K, committed 67404K, reserved 1107968K
  class space    used 8344K, capacity 8975K, committed 9036K, reserved 1048576K
}
Event: 28.605 GC heap after
{Heap after GC invocations=18 (full 0):
 garbage-first heap   total 131072K, used 68070K [0x0000000080000000, 0x0000000100000000)
  region size 1024K, 3 young (3072K), 3 survivors (3072K)
 Metaspace       used 65467K, capacity 67324K, committed 67404K, reserved 1107968K
  class space    used 8344K, capacity 8975K, committed 9036K, reserved 1048576K
}
Event: 31.233 GC heap before
{Heap before GC invocations=19 (full 0):
 garbage-first heap   total 131072K, used 106982K [0x0000000080000000, 0x0000000100000000)
  region size 1024K, 42 young (43008K), 3 survivors (3072K)
 Metaspace       used 65948K, capacity 67715K, committed 67916K, reserved 1107968K
  class space    used 8338K, capacity 8932K, committed 9036K, reserved 1048576K
}
Event: 31.237 GC heap after
{Heap after GC invocations=20 (full 0):
 garbage-first heap   total 131072K, used 69022K [0x0000000080000000, 0x0000000100000000)
  region size 1024K, 4 young (4096K), 4 survivors (4096K)
 Metaspace       used 65948K, capacity 67715K, committed 67916K, reserved 1107968K
  class space    used 8338K, capacity 8932K, committed 9036K, reserved 1048576K
}
Event: 31.354 GC heap before
{Heap before GC invocations=20 (full 0):
 garbage-first heap   total 131072K, used 107934K [0x0000000080000000, 0x0000000100000000)
  region size 1024K, 43 young (44032K), 4 survivors (4096K)
 Metaspace       used 66133K, capacity 67908K, committed 68172K, reserved 1107968K
  class space    used 8341K, capacity 8932K, committed 9036K, reserved 1048576K
}
Event: 31.357 GC heap after
{Heap after GC invocations=21 (full 0):
 garbage-first heap   total 131072K, used 69107K [0x0000000080000000, 0x0000000100000000)
  region size 1024K, 2 young (2048K), 2 survivors (2048K)
 Metaspace       used 66133K, capacity 67908K, committed 68172K, reserved 1107968K
  class space    used 8341K, capacity 8932K, committed 9036K, reserved 1048576K
}
Event: 31.477 GC heap before
{Heap before GC invocations=22 (full 0):
 garbage-first heap   total 131072K, used 99827K [0x0000000080000000, 0x0000000100000000)
  region size 1024K, 33 young (33792K), 2 survivors (2048K)
 Metaspace       used 66164K, capacity 67888K, committed 68172K, reserved 1107968K
  class space    used 8337K, capacity 8924K, committed 9036K, reserved 1048576K
}
Event: 31.482 GC heap after
{Heap after GC invocations=23 (full 0):
 garbage-first heap   total 131072K, used 72605K [0x0000000080000000, 0x0000000100000000)
  region size 1024K, 6 young (6144K), 6 survivors (6144K)
 Metaspace       used 66164K, capacity 67888K, committed 68172K, reserved 1107968K
  class space    used 8337K, capacity 8924K, committed 9036K, reserved 1048576K
}
Event: 31.599 GC heap before
{Heap before GC invocations=24 (full 0):
 garbage-first heap   total 131072K, used 107421K [0x0000000080000000, 0x0000000100000000)
  region size 1024K, 40 young (40960K), 6 survivors (6144K)
 Metaspace       used 66163K, capacity 67864K, committed 68172K, reserved 1107968K
  class space    used 8332K, capacity 8916K, committed 9036K, reserved 1048576K
}
Event: 31.600 GC heap after
{Heap after GC invocations=25 (full 0):
 garbage-first heap   total 131072K, used 69283K [0x0000000080000000, 0x0000000100000000)
  region size 1024K, 1 young (1024K), 1 survivors (1024K)
 Metaspace       used 66163K, capacity 67864K, committed 68172K, reserved 1107968K
  class space    used 8332K, capacity 8916K, committed 9036K, reserved 1048576K
}
Event: 31.682 GC heap before
{Heap before GC invocations=25 (full 0):
 garbage-first heap   total 131072K, used 106147K [0x0000000080000000, 0x0000000100000000)
  region size 1024K, 38 young (38912K), 1 survivors (1024K)
 Metaspace       used 66164K, capacity 67864K, committed 68172K, reserved 1107968K
  class space    used 8332K, capacity 8916K, committed 9036K, reserved 1048576K
}
Event: 31.683 GC heap after
{Heap after GC invocations=26 (full 0):
 garbage-first heap   total 131072K, used 69641K [0x0000000080000000, 0x0000000100000000)
  region size 1024K, 1 young (1024K), 1 survivors (1024K)
 Metaspace       used 66164K, capacity 67864K, committed 68172K, reserved 1107968K
  class space    used 8332K, capacity 8916K, committed 9036K, reserved 1048576K
}

